1595612659990	mozrunner::runner	INFO	Running command: "C:\\Program Files\\Mozilla Firefox\\firefox.exe" "-marionette" "-foreground" "-no-remote" "-profile" "C:\\Users\\kevin\\AppData\\Local\\Temp\\rust_mozprofile4kwQ0p"
JavaScript error: resource://gre/modules/XULStore.jsm, line 66: Error: Can't find profile directory.
1595612662059	Marionette	INFO	Listening on port 63058
1595612662105	Marionette	WARN	TLS certificate errors will be ignored for this session
1595612667272	Marionette	INFO	Stopped listening on port 63058

###!!! [Child][RunMessage] Error: Channel closing: too late to send/recv, messages will be lost


###!!! [Child][MessageChannel::SendAndWait] Error: Channel error: cannot send/recv

1595624008942	mozrunner::runner	INFO	Running command: "C:\\Program Files\\Mozilla Firefox\\firefox.exe" "-marionette" "-foreground" "-no-remote" "-profile" "C:\\Users\\kevin\\AppData\\Local\\Temp\\rust_mozprofileqavVls"
JavaScript error: resource://gre/modules/XULStore.jsm, line 66: Error: Can't find profile directory.
1595624011002	Marionette	INFO	Listening on port 64969
1595624011058	Marionette	WARN	TLS certificate errors will be ignored for this session
1595624015571	Marionette	INFO	Stopped listening on port 64969

###!!! [Child][RunMessage] Error: Channel closing: too late to send/recv, messages will be lost


###!!! [Child][MessageChannel::SendAndWait] Error: Channel error: cannot send/recv

1595624044461	mozrunner::runner	INFO	Running command: "C:\\Program Files\\Mozilla Firefox\\firefox.exe" "-marionette" "-foreground" "-no-remote" "-profile" "C:\\Users\\kevin\\AppData\\Local\\Temp\\rust_mozprofileT8AjgM"
JavaScript error: resource://gre/modules/XULStore.jsm, line 66: Error: Can't find profile directory.
1595624046458	Marionette	INFO	Listening on port 65020
1595624046472	Marionette	WARN	TLS certificate errors will be ignored for this session
1595624053811	Marionette	INFO	Stopped listening on port 65020

###!!! [Child][RunMessage] Error: Channel closing: too late to send/recv, messages will be lost


###!!! [Child][MessageChannel::SendAndWait] Error: Channel error: cannot send/recv

1595624235533	mozrunner::runner	INFO	Running command: "C:\\Program Files\\Mozilla Firefox\\firefox.exe" "-marionette" "-foreground" "-no-remote" "-profile" "C:\\Users\\kevin\\AppData\\Local\\Temp\\rust_mozprofile7uq9Iq"
JavaScript error: resource://gre/modules/XULStore.jsm, line 66: Error: Can't find profile directory.
1595624237629	Marionette	INFO	Listening on port 65073
1595624237643	Marionette	WARN	TLS certificate errors will be ignored for this session
1595624243581	Marionette	INFO	Stopped listening on port 65073

###!!! [Child][RunMessage] Error: Channel closing: too late to send/recv, messages will be lost


###!!! [Child][MessageChannel::SendAndWait] Error: Channel error: cannot send/recv

1595624295014	mozrunner::runner	INFO	Running command: "C:\\Program Files\\Mozilla Firefox\\firefox.exe" "-marionette" "-foreground" "-no-remote" "-profile" "C:\\Users\\kevin\\AppData\\Local\\Temp\\rust_mozprofileX9jqc5"
JavaScript error: resource://gre/modules/XULStore.jsm, line 66: Error: Can't find profile directory.
1595624297098	Marionette	INFO	Listening on port 65118
1595624297126	Marionette	WARN	TLS certificate errors will be ignored for this session
1595624301510	Marionette	INFO	Stopped listening on port 65118

###!!! [Child][RunMessage] Error: Channel closing: too late to send/recv, messages will be lost


###!!! [Child][MessageChannel::SendAndWait] Error: Channel error: cannot send/recv

1595624315332	mozrunner::runner	INFO	Running command: "C:\\Program Files\\Mozilla Firefox\\firefox.exe" "-marionette" "-foreground" "-no-remote" "-profile" "C:\\Users\\kevin\\AppData\\Local\\Temp\\rust_mozprofileDJ43IW"
JavaScript error: resource://gre/modules/XULStore.jsm, line 66: Error: Can't find profile directory.
1595624317412	Marionette	INFO	Listening on port 65161
1595624317442	Marionette	WARN	TLS certificate errors will be ignored for this session
1595624319365	Marionette	INFO	Stopped listening on port 65161

###!!! [Child][MessageChannel::SendAndWait] Error: Channel error: cannot send/recv

1595624459546	mozrunner::runner	INFO	Running command: "C:\\Program Files\\Mozilla Firefox\\firefox.exe" "-marionette" "-foreground" "-no-remote" "-profile" "C:\\Users\\kevin\\AppData\\Local\\Temp\\rust_mozprofile2lBOgS"
JavaScript error: resource://gre/modules/XULStore.jsm, line 66: Error: Can't find profile directory.
1595624461593	Marionette	INFO	Listening on port 65219
1595624461656	Marionette	WARN	TLS certificate errors will be ignored for this session
1595624470771	Marionette	INFO	Stopped listening on port 65219

###!!! [Child][MessageChannel::SendAndWait] Error: Channel error: cannot send/recv

1595625050969	mozrunner::runner	INFO	Running command: "C:\\Program Files\\Mozilla Firefox\\firefox.exe" "-marionette" "-foreground" "-no-remote" "-profile" "C:\\Users\\kevin\\AppData\\Local\\Temp\\rust_mozprofileiQ3j7a"
JavaScript error: resource://gre/modules/XULStore.jsm, line 66: Error: Can't find profile directory.
1595625053059	Marionette	INFO	Listening on port 65503
1595625053078	Marionette	WARN	TLS certificate errors will be ignored for this session
1595625222761	Marionette	INFO	Stopped listening on port 65503

###!!! [Child][MessageChannel::SendAndWait] Error: Channel error: cannot send/recv

ile" "C:\\Users\\kevin\\AppData\\Local\\Temp\\rust_mozprofileUoLqbh"
JavaScript error: resource://gre/modules/XULStore.jsm, line 66: Error: Can't find profile directory.
1595625160920	Marionette	INFO	Listening on port 49172
1595625161000	Marionette	WARN	TLS certificate errors will be ignored for this session
1595625189739	Marionette	INFO	Stopped listening on port 49172

###!!! [Child][RunMessage] Error: Channel closing: too late to send/recv, messages will be lost


###!!! [Child][MessageChannel::SendAndWait] Error: Channel error: cannot send/recv

1595625205605	mozrunner::runner	INFO	Running command: "C:\\Program Files\\Mozilla Firefox\\firefox.exe" "-marionette" "-foreground" "-no-remote" "-profile" "C:\\Users\\kevin\\AppData\\Local\\Temp\\rust_mozprofileTXjcbf"
JavaScript error: resource://gre/modules/XULStore.jsm, line 66: Error: Can't find profile directory.
1595625207681	Marionette	INFO	Listening on port 49218
1595625207723	Marionette	WARN	TLS certificate errors will be ignored for this session
1595625220205	Marionette	INFO	Stopped listening on port 49218

###!!! [Child][RunMessage] Error: Channel closing: too late to send/recv, messages will be lost


###!!! [Child][MessageChannel::SendAndWait] Error: Channel error: cannot send/recv

1595625511372	mozrunner::runner	INFO	Running command: "C:\\Program Files\\Mozilla Firefox\\firefox.exe" "-marionette" "-foreground" "-no-remote" "-profile" "C:\\Users\\kevin\\AppData\\Local\\Temp\\rust_mozprofilePDXojc"
JavaScript error: resource://gre/modules/XULStore.jsm, line 66: Error: Can't find profile directory.
1595625513455	Marionette	INFO	Listening on port 49322
1595625513482	Marionette	WARN	TLS certificate errors will be ignored for this session
1595625522992	Marionette	INFO	Stopped listening on port 49322

###!!! [Child][RunMessage] Error: Channel closing: too late to send/recv, messages will be lost


###!!! [Child][MessageChannel::SendAndWait] Error: Channel error: cannot send/recv

1595790159558	mozrunner::runner	INFO	Running command: "C:\\Program Files\\Mozilla Firefox\\firefox.exe" "-marionette" "-foreground" "-no-remote" "-profile" "C:\\Users\\kevin\\AppData\\Local\\Temp\\rust_mozprofilebK63oR"
JavaScript error: resource://gre/modules/XULStore.jsm, line 66: Error: Can't find profile directory.
1595790161725	Marionette	INFO	Listening on port 49546
1595790162171	Marionette	WARN	TLS certificate errors will be ignored for this session
1595790170241	Marionette	INFO	Stopped listening on port 49546

###!!! [Child][RunMessage] Error: Channel closing: too late to send/recv, messages will be lost


###!!! [Child][MessageChannel::SendAndWait] Error: Channel error: cannot send/recv

1597967778020	mozrunner::runner	INFO	Running command: "C:\\Program Files\\Mozilla Firefox\\firefox.exe" "-marionette" "-foreground" "-no-remote" "-profile" "C:\\Users\\kevin\\AppData\\Local\\Temp\\rust_mozprofile3h7CpA"
JavaScript error: resource://gre/modules/XULStore.jsm, line 66: Error: Can't find profile directory.
console.error: SearchCache: "_readCacheFile: Error reading cache file:" (new Error("", "(unknown module)"))
1597967780250	Marionette	INFO	Listening on port 55400
1597967780632	Marionette	WARN	TLS certificate errors will be ignored for this session
1597967809906	Marionette	INFO	Stopped listening on port 55400

###!!! [Child][RunMessage] Error: Channel closing: too late to send/recv, messages will be lost


###!!! [Child][MessageChannel::SendAndWait] Error: Channel error: cannot send/recv

1597967891345	mozrunner::runner	INFO	Running command: "C:\\Program Files\\Mozilla Firefox\\firefox.exe" "-marionette" "-foreground" "-no-remote" "-profile" "C:\\Users\\kevin\\AppData\\Local\\Temp\\rust_mozprofileJMFign"
JavaScript error: resource://gre/modules/XULStore.jsm, line 66: Error: Can't find profile directory.
console.error: SearchCache: "_readCacheFile: Error reading cache file:" (new Error("", "(unknown module)"))
1597967893463	Marionette	INFO	Listening on port 55444
1597967893956	Marionette	WARN	TLS certificate errors will be ignored for this session
1597969489537	Marionette	INFO	Stopped listening on port 55444

###!!! [Child][RunMessage] Error: Channel closing: too late to send/recv, messages will be lost


###!!! [Child][MessageChannel::SendAndWait] Error: Channel error: cannot send/recv

/modules/XULStore.jsm, line 66: Error: Can't find profile directory.
console.error: SearchCache: "_readCacheFile: Error reading cache file:" (new Error("", "(unknown module)"))
1597967981536	Marionette	INFO	Listening on port 55495
1597967981983	Marionette	WARN	TLS certificate errors will be ignored for this session
1597969763766	Marionette	INFO	Stopped listening on port 55495

###!!! [Child][RunMessage] Error: Channel closing: too late to send/recv, messages will be lost


###!!! [Child][MessageChannel::SendAndWait] Error: Channel error: cannot send/recv

/modules/XULStore.jsm, line 66: Error: Can't find profile directory.
console.error: SearchCache: "_readCacheFile: Error reading cache file:" (new Error("", "(unknown module)"))
1597969473085	Marionette	INFO	Listening on port 55655
1597969473456	Marionette	WARN	TLS certificate errors will be ignored for this session
1597969487180	Marionette	INFO	Stopped listening on port 55655

###!!! [Child][RunMessage] Error: Channel closing: too late to send/recv, messages will be lost


###!!! [Child][MessageChannel::SendAndWait] Error: Channel error: cannot send/recv

1597969770051	mozrunner::runner	INFO	Running command: "C:\\Program Files\\Mozilla Firefox\\firefox.exe" "-marionette" "-foreground" "-no-remote" "-profile" "C:\\Users\\kevin\\AppData\\Local\\Temp\\rust_mozprofilea85dKm"
JavaScript error: resource://gre/modules/XULStore.jsm, line 66: Error: Can't find profile directory.
console.error: SearchCache: "_readCacheFile: Error reading cache file:" (new Error("", "(unknown module)"))
1597969772173	Marionette	INFO	Listening on port 55738
1597969772664	Marionette	WARN	TLS certificate errors will be ignored for this session
1597971841229	mozrunner::runner	INFO	Running command: "C:\\Program Files\\Mozilla Firefox\\firefox.exe" "-marionette" "-foreground" "-no-remote" "-profile" "C:\\Users\\kevin\\AppData\\Local\\Temp\\rust_mozprofilezbNQjT"
JavaScript error: resource://gre/modules/XULStore.jsm, line 66: Error: Can't find profile directory.
console.error: SearchCache: "_readCacheFile: Error reading cache file:" (new Error("", "(unknown module)"))
1597971843429	Marionette	INFO	Listening on port 55911
1597971843841	Marionette	WARN	TLS certificate errors will be ignored for this session
1597971862518	Marionette	INFO	Stopped listening on port 55911

###!!! [Child][RunMessage] Error: Channel closing: too late to send/recv, messages will be lost


###!!! [Child][MessageChannel::SendAndWait] Error: Channel error: cannot send/recv

/modules/XULStore.jsm, line 66: Error: Can't find profile directory.
console.error: SearchCache: "_readCacheFile: Error reading cache file:" (new Error("", "(unknown module)"))
1597971849051	Marionette	INFO	Listening on port 55950
1597971849549	Marionette	WARN	TLS certificate errors will be ignored for this session
1597971872185	Marionette	INFO	Stopped listening on port 55950

###!!! [Child][RunMessage] Error: Channel closing: too late to send/recv, messages will be lost


###!!! [Child][MessageChannel::SendAndWait] Error: Channel error: cannot send/recv

1598080592057	mozrunner::runner	INFO	Running command: "C:\\Program Files\\Mozilla Firefox\\firefox.exe" "-marionette" "-foreground" "-no-remote" "-profile" "C:\\Users\\kevin\\AppData\\Local\\Temp\\rust_mozprofilegfszfc"
JavaScript error: resource://gre/modules/XULStore.jsm, line 66: Error: Can't find profile directory.
console.error: SearchCache: "_readCacheFile: Error reading cache file:" (new Error("", "(unknown module)"))
1598080594015	Marionette	INFO	Listening on port 54554
1598080594069	Marionette	WARN	TLS certificate errors will be ignored for this session
1598080594854	Marionette	INFO	Stopped listening on port 54554
console.error: services.settings: 
  main/whats-new-panel Signature failed  TypeError: NetworkError when attempting to fetch resource.

###!!! [Child][RunMessage] Error: Channel closing: too late to send/recv, messages will be lost


###!!! [Child][MessageChannel::SendAndWait] Error: Channel error: cannot send/recv

1598081464265	mozrunner::runner	INFO	Running command: "C:\\Program Files\\Mozilla Firefox\\firefox.exe" "-marionette" "-foreground" "-no-remote" "-profile" "C:\\Users\\kevin\\AppData\\Local\\Temp\\rust_mozprofileWCnGSq"
JavaScript error: resource://gre/modules/XULStore.jsm, line 66: Error: Can't find profile directory.
console.error: SearchCache: "_readCacheFile: Error reading cache file:" (new Error("", "(unknown module)"))
1598081466231	Marionette	INFO	Listening on port 54667
1598081466276	Marionette	WARN	TLS certificate errors will be ignored for this session
1598081466995	Marionette	INFO	Stopped listening on port 54667
console.warn: services.settings: main/whats-new-panel sync interrupted by shutdown

###!!! [Child][RunMessage] Error: Channel closing: too late to send/recv, messages will be lost


###!!! [Child][MessageChannel::SendAndWait] Error: Channel error: cannot send/recv

1598081613887	mozrunner::runner	INFO	Running command: "C:\\Program Files\\Mozilla Firefox\\firefox.exe" "-marionette" "-foreground" "-no-remote" "-profile" "C:\\Users\\kevin\\AppData\\Local\\Temp\\rust_mozprofile5lOtV6"
JavaScript error: resource://gre/modules/XULStore.jsm, line 66: Error: Can't find profile directory.
console.error: SearchCache: "_readCacheFile: Error reading cache file:" (new Error("", "(unknown module)"))
1598081615833	Marionette	INFO	Listening on port 54716
1598081615904	Marionette	WARN	TLS certificate errors will be ignored for this session
1598081626625	Marionette	INFO	Stopped listening on port 54716

###!!! [Child][RunMessage] Error: Channel closing: too late to send/recv, messages will be lost


###!!! [Child][MessageChannel::SendAndWait] Error: Channel error: cannot send/recv

1598084442061	mozrunner::runner	INFO	Running command: "C:\\Program Files\\Mozilla Firefox\\firefox.exe" "-marionette" "-foreground" "-no-remote" "-profile" "C:\\Users\\kevin\\AppData\\Local\\Temp\\rust_mozprofileNh0218"
JavaScript error: resource://gre/modules/XULStore.jsm, line 66: Error: Can't find profile directory.
console.error: SearchCache: "_readCacheFile: Error reading cache file:" (new Error("", "(unknown module)"))
1598084444061	Marionette	INFO	Listening on port 50249
1598084444072	Marionette	WARN	TLS certificate errors will be ignored for this session
1598084444912	Marionette	INFO	Stopped listening on port 50249

###!!! [Child][RunMessage] Error: Channel closing: too late to send/recv, messages will be lost


###!!! [Child][MessageChannel::SendAndWait] Error: Channel error: cannot send/recv

1598084448550	mozrunner::runner	INFO	Running command: "C:\\Program Files\\Mozilla Firefox\\firefox.exe" "-marionette" "-foreground" "-no-remote" "-profile" "C:\\Users\\kevin\\AppData\\Local\\Temp\\rust_mozprofileaMh59D"
JavaScript error: resource://gre/modules/XULStore.jsm, line 66: Error: Can't find profile directory.
console.error: SearchCache: "_readCacheFile: Error reading cache file:" (new Error("", "(unknown module)"))
1598084450574	Marionette	INFO	Listening on port 50291
1598084450663	Marionette	WARN	TLS certificate errors will be ignored for this session
1598084453431	Marionette	INFO	Stopped listening on port 50291

###!!! [Child][RunMessage] Error: Channel closing: too late to send/recv, messages will be lost


###!!! [Child][MessageChannel::SendAndWait] Error: Channel error: cannot send/recv

1598094405910	mozrunner::runner	INFO	Running command: "C:\\Program Files\\Mozilla Firefox\\firefox.exe" "-marionette" "-foreground" "-no-remote" "-profile" "C:\\Users\\kevin\\AppData\\Local\\Temp\\rust_mozprofileZ15g6Y"
JavaScript error: resource://gre/modules/XULStore.jsm, line 66: Error: Can't find profile directory.
console.error: SearchCache: "_readCacheFile: Error reading cache file:" (new Error("", "(unknown module)"))
1598094407890	Marionette	INFO	Listening on port 50925
1598094407922	Marionette	WARN	TLS certificate errors will be ignored for this session
1598094408690	Marionette	INFO	Stopped listening on port 50925

###!!! [Child][RunMessage] Error: Channel closing: too late to send/recv, messages will be lost


###!!! [Child][MessageChannel::SendAndWait] Error: Channel error: cannot send/recv

1598094412366	mozrunner::runner	INFO	Running command: "C:\\Program Files\\Mozilla Firefox\\firefox.exe" "-marionette" "-foreground" "-no-remote" "-profile" "C:\\Users\\kevin\\AppData\\Local\\Temp\\rust_mozprofileuv413K"
JavaScript error: resource://gre/modules/XULStore.jsm, line 66: Error: Can't find profile directory.
console.error: SearchCache: "_readCacheFile: Error reading cache file:" (new Error("", "(unknown module)"))
1598094414345	Marionette	INFO	Listening on port 50969
1598094414381	Marionette	WARN	TLS certificate errors will be ignored for this session
1598094417116	Marionette	INFO	Stopped listening on port 50969

###!!! [Child][RunMessage] Error: Channel closing: too late to send/recv, messages will be lost


###!!! [Child][MessageChannel::SendAndWait] Error: Channel error: cannot send/recv

1598097795768	mozrunner::runner	INFO	Running command: "C:\\Program Files\\Mozilla Firefox\\firefox.exe" "-marionette" "-foreground" "-no-remote" "-profile" "C:\\Users\\kevin\\AppData\\Local\\Temp\\rust_mozprofile9eNsnY"
JavaScript error: resource://gre/modules/XULStore.jsm, line 66: Error: Can't find profile directory.
console.error: SearchCache: "_readCacheFile: Error reading cache file:" (new Error("", "(unknown module)"))
1598097797934	Marionette	INFO	Listening on port 51219
1598097798380	Marionette	WARN	TLS certificate errors will be ignored for this session
1598097799126	Marionette	INFO	Stopped listening on port 51219

###!!! [Child][RunMessage] Error: Channel closing: too late to send/recv, messages will be lost


###!!! [Child][MessageChannel::SendAndWait] Error: Channel error: cannot send/recv

1598097802802	mozrunner::runner	INFO	Running command: "C:\\Program Files\\Mozilla Firefox\\firefox.exe" "-marionette" "-foreground" "-no-remote" "-profile" "C:\\Users\\kevin\\AppData\\Local\\Temp\\rust_mozprofilewFb2rX"
JavaScript error: resource://gre/modules/XULStore.jsm, line 66: Error: Can't find profile directory.
console.error: SearchCache: "_readCacheFile: Error reading cache file:" (new Error("", "(unknown module)"))
1598097804839	Marionette	INFO	Listening on port 51265
1598097804911	Marionette	WARN	TLS certificate errors will be ignored for this session
1598097807674	Marionette	INFO	Stopped listening on port 51265

###!!! [Child][RunMessage] Error: Channel closing: too late to send/recv, messages will be lost


###!!! [Child][MessageChannel::SendAndWait] Error: Channel error: cannot send/recv

1598114726988	mozrunner::runner	INFO	Running command: "C:\\Program Files\\Mozilla Firefox\\firefox.exe" "-marionette" "-foreground" "-no-remote" "-profile" "C:\\Users\\kevin\\AppData\\Local\\Temp\\rust_mozprofile5UFkBa"
JavaScript error: resource://gre/modules/XULStore.jsm, line 66: Error: Can't find profile directory.
console.error: SearchCache: "_readCacheFile: Error reading cache file:" (new Error("", "(unknown module)"))
1598114729126	Marionette	INFO	Listening on port 62757
1598114729601	Marionette	WARN	TLS certificate errors will be ignored for this session
1598114730355	Marionette	INFO	Stopped listening on port 62757

###!!! [Child][RunMessage] Error: Channel closing: too late to send/recv, messages will be lost


###!!! [Child][MessageChannel::SendAndWait] Error: Channel error: cannot send/recv

1598114734153	mozrunner::runner	INFO	Running command: "C:\\Program Files\\Mozilla Firefox\\firefox.exe" "-marionette" "-foreground" "-no-remote" "-profile" "C:\\Users\\kevin\\AppData\\Local\\Temp\\rust_mozprofilebPFfRr"
JavaScript error: resource://gre/modules/XULStore.jsm, line 66: Error: Can't find profile directory.
console.error: SearchCache: "_readCacheFile: Error reading cache file:" (new Error("", "(unknown module)"))
1598114736290	Marionette	INFO	Listening on port 62806
1598114736761	Marionette	WARN	TLS certificate errors will be ignored for this session
1598114739509	Marionette	INFO	Stopped listening on port 62806

###!!! [Child][RunMessage] Error: Channel closing: too late to send/recv, messages will be lost


###!!! [Child][MessageChannel::SendAndWait] Error: Channel error: cannot send/recv

1598115279213	mozrunner::runner	INFO	Running command: "C:\\Program Files\\Mozilla Firefox\\firefox.exe" "-marionette" "-foreground" "-no-remote" "-profile" "C:\\Users\\kevin\\AppData\\Local\\Temp\\rust_mozprofileaJOdpe"
JavaScript error: resource://gre/modules/XULStore.jsm, line 66: Error: Can't find profile directory.
console.error: SearchCache: "_readCacheFile: Error reading cache file:" (new Error("", "(unknown module)"))
1598115281453	Marionette	INFO	Listening on port 62906
1598115281824	Marionette	WARN	TLS certificate errors will be ignored for this session
1598115282570	Marionette	INFO	Stopped listening on port 62906

###!!! [Child][RunMessage] Error: Channel closing: too late to send/recv, messages will be lost


###!!! [Child][MessageChannel::SendAndWait] Error: Channel error: cannot send/recv

1598115286357	mozrunner::runner	INFO	Running command: "C:\\Program Files\\Mozilla Firefox\\firefox.exe" "-marionette" "-foreground" "-no-remote" "-profile" "C:\\Users\\kevin\\AppData\\Local\\Temp\\rust_mozprofileOvYgYg"
JavaScript error: resource://gre/modules/XULStore.jsm, line 66: Error: Can't find profile directory.
console.error: SearchCache: "_readCacheFile: Error reading cache file:" (new Error("", "(unknown module)"))
1598115288368	Marionette	INFO	Listening on port 62954
1598115288377	Marionette	WARN	TLS certificate errors will be ignored for this session
1598115291075	Marionette	INFO	Stopped listening on port 62954

###!!! [Child][RunMessage] Error: Channel closing: too late to send/recv, messages will be lost


###!!! [Child][MessageChannel::SendAndWait] Error: Channel error: cannot send/recv

1598115341288	mozrunner::runner	INFO	Running command: "C:\\Program Files\\Mozilla Firefox\\firefox.exe" "-marionette" "-foreground" "-no-remote" "-profile" "C:\\Users\\kevin\\AppData\\Local\\Temp\\rust_mozprofile6jm5A3"
JavaScript error: resource://gre/modules/XULStore.jsm, line 66: Error: Can't find profile directory.
console.error: SearchCache: "_readCacheFile: Error reading cache file:" (new Error("", "(unknown module)"))
1598115343322	Marionette	INFO	Listening on port 62997
1598115343394	Marionette	WARN	TLS certificate errors will be ignored for this session
1598115354146	Marionette	INFO	Stopped listening on port 62997

###!!! [Child][RunMessage] Error: Channel closing: too late to send/recv, messages will be lost


###!!! [Child][MessageChannel::SendAndWait] Error: Channel error: cannot send/recv

1598115357899	mozrunner::runner	INFO	Running command: "C:\\Program Files\\Mozilla Firefox\\firefox.exe" "-marionette" "-foreground" "-no-remote" "-profile" "C:\\Users\\kevin\\AppData\\Local\\Temp\\rust_mozprofilexiawYP"
JavaScript error: resource://gre/modules/XULStore.jsm, line 66: Error: Can't find profile directory.
console.error: SearchCache: "_readCacheFile: Error reading cache file:" (new Error("", "(unknown module)"))
1598115360068	Marionette	INFO	Listening on port 63047
1598115360509	Marionette	WARN	TLS certificate errors will be ignored for this session
1598115363243	Marionette	INFO	Stopped listening on port 63047

###!!! [Child][RunMessage] Error: Channel closing: too late to send/recv, messages will be lost


###!!! [Child][MessageChannel::SendAndWait] Error: Channel error: cannot send/recv

1598115372529	mozrunner::runner	INFO	Running command: "C:\\Program Files\\Mozilla Firefox\\firefox.exe" "-marionette" "-foreground" "-no-remote" "-profile" "C:\\Users\\kevin\\AppData\\Local\\Temp\\rust_mozprofilekZv07w"
JavaScript error: resource://gre/modules/XULStore.jsm, line 66: Error: Can't find profile directory.
console.error: SearchCache: "_readCacheFile: Error reading cache file:" (new Error("", "(unknown module)"))
1598115374694	Marionette	INFO	Listening on port 63096
1598115408846	Marionette	INFO	Stopped listening on port 63096

###!!! [Child][RunMessage] Error: Channel closing: too late to send/recv, messages will be lost


###!!! [Child][MessageChannel::SendAndWait] Error: Channel error: cannot send/recv

/modules/XULStore.jsm, line 66: Error: Can't find profile directory.
console.error: SearchCache: "_readCacheFile: Error reading cache file:" (new Error("", "(unknown module)"))
1598115383288	Marionette	INFO	Listening on port 63134
1598115383720	Marionette	WARN	TLS certificate errors will be ignored for this session
1598115394687	Marionette	INFO	Stopped listening on port 63134

###!!! [Child][RunMessage] Error: Channel closing: too late to send/recv, messages will be lost


###!!! [Child][MessageChannel::SendAndWait] Error: Channel error: cannot send/recv

1598115398294	mozrunner::runner	INFO	Running command: "C:\\Program Files\\Mozilla Firefox\\firefox.exe" "-marionette" "-foreground" "-no-remote" "-profile" "C:\\Users\\kevin\\AppData\\Local\\Temp\\rust_mozprofileYVZ6Kq"
JavaScript error: resource://gre/modules/XULStore.jsm, line 66: Error: Can't find profile directory.
console.error: SearchCache: "_readCacheFile: Error reading cache file:" (new Error("", "(unknown module)"))
1598115400493	Marionette	INFO	Listening on port 63185
1598115400903	Marionette	WARN	TLS certificate errors will be ignored for this session
1598115403691	Marionette	INFO	Stopped listening on port 63185

###!!! [Child][RunMessage] Error: Channel closing: too late to send/recv, messages will be lost


###!!! [Child][MessageChannel::SendAndWait] Error: Channel error: cannot send/recv

1598115540379	mozrunner::runner	INFO	Running command: "C:\\Program Files\\Mozilla Firefox\\firefox.exe" "-marionette" "-foreground" "-no-remote" "-profile" "C:\\Users\\kevin\\AppData\\Local\\Temp\\rust_mozprofileza8NkT"
JavaScript error: resource://gre/modules/XULStore.jsm, line 66: Error: Can't find profile directory.
console.error: SearchCache: "_readCacheFile: Error reading cache file:" (new Error("", "(unknown module)"))
1598115542416	Marionette	INFO	Listening on port 63288
1598115542488	Marionette	WARN	TLS certificate errors will be ignored for this session
1598115553327	Marionette	INFO	Stopped listening on port 63288

###!!! [Child][RunMessage] Error: Channel closing: too late to send/recv, messages will be lost


###!!! [Child][MessageChannel::SendAndWait] Error: Channel error: cannot send/recv

1598115557018	mozrunner::runner	INFO	Running command: "C:\\Program Files\\Mozilla Firefox\\firefox.exe" "-marionette" "-foreground" "-no-remote" "-profile" "C:\\Users\\kevin\\AppData\\Local\\Temp\\rust_mozprofileAi5qi2"
JavaScript error: resource://gre/modules/XULStore.jsm, line 66: Error: Can't find profile directory.
console.error: SearchCache: "_readCacheFile: Error reading cache file:" (new Error("", "(unknown module)"))
1598115559052	Marionette	INFO	Listening on port 63337
1598115559130	Marionette	WARN	TLS certificate errors will be ignored for this session
1598115561892	Marionette	INFO	Stopped listening on port 63337

###!!! [Child][RunMessage] Error: Channel closing: too late to send/recv, messages will be lost


###!!! [Child][MessageChannel::SendAndWait] Error: Channel error: cannot send/recv

1598115589531	mozrunner::runner	INFO	Running command: "C:\\Program Files\\Mozilla Firefox\\firefox.exe" "-marionette" "-foreground" "-no-remote" "-profile" "C:\\Users\\kevin\\AppData\\Local\\Temp\\rust_mozprofileu59ZH0"
JavaScript error: resource://gre/modules/XULStore.jsm, line 66: Error: Can't find profile directory.
console.error: SearchCache: "_readCacheFile: Error reading cache file:" (new Error("", "(unknown module)"))
1598115591530	Marionette	INFO	Listening on port 63387
1598115591540	Marionette	WARN	TLS certificate errors will be ignored for this session
1598115592435	Marionette	INFO	Stopped listening on port 63387

###!!! [Child][RunMessage] Error: Channel closing: too late to send/recv, messages will be lost


###!!! [Child][MessageChannel::SendAndWait] Error: Channel error: cannot send/recv

1598115596100	mozrunner::runner	INFO	Running command: "C:\\Program Files\\Mozilla Firefox\\firefox.exe" "-marionette" "-foreground" "-no-remote" "-profile" "C:\\Users\\kevin\\AppData\\Local\\Temp\\rust_mozprofilevq7XA4"
JavaScript error: resource://gre/modules/XULStore.jsm, line 66: Error: Can't find profile directory.
console.error: SearchCache: "_readCacheFile: Error reading cache file:" (new Error("", "(unknown module)"))
1598115598207	Marionette	INFO	Listening on port 63433
1598115598216	Marionette	WARN	TLS certificate errors will be ignored for this session
1598115600983	Marionette	INFO	Stopped listening on port 63433

###!!! [Child][RunMessage] Error: Channel closing: too late to send/recv, messages will be lost


###!!! [Child][MessageChannel::SendAndWait] Error: Channel error: cannot send/recv

1598115720010	mozrunner::runner	INFO	Running command: "C:\\Program Files\\Mozilla Firefox\\firefox.exe" "-marionette" "-foreground" "-no-remote" "-profile" "C:\\Users\\kevin\\AppData\\Local\\Temp\\rust_mozprofile0HmGLv"
JavaScript error: resource://gre/modules/XULStore.jsm, line 66: Error: Can't find profile directory.
console.error: SearchCache: "_readCacheFile: Error reading cache file:" (new Error("", "(unknown module)"))
1598115722057	Marionette	INFO	Listening on port 63488
1598115722121	Marionette	WARN	TLS certificate errors will be ignored for this session
1598115723006	Marionette	INFO	Stopped listening on port 63488

###!!! [Child][RunMessage] Error: Channel closing: too late to send/recv, messages will be lost


###!!! [Child][MessageChannel::SendAndWait] Error: Channel error: cannot send/recv

1598115726751	mozrunner::runner	INFO	Running command: "C:\\Program Files\\Mozilla Firefox\\firefox.exe" "-marionette" "-foreground" "-no-remote" "-profile" "C:\\Users\\kevin\\AppData\\Local\\Temp\\rust_mozprofilexQMVaq"
console.error: SearchCache: "_readCacheFile: Error reading cache file:" (new Error("", "(unknown module)"))
JavaScript error: resource://gre/modules/XULStore.jsm, line 66: Error: Can't find profile directory.
1598115728885	Marionette	INFO	Listening on port 63538
1598115729363	Marionette	WARN	TLS certificate errors will be ignored for this session
1598115732102	Marionette	INFO	Stopped listening on port 63538

###!!! [Child][RunMessage] Error: Channel closing: too late to send/recv, messages will be lost


###!!! [Child][MessageChannel::SendAndWait] Error: Channel error: cannot send/recv

1598115868592	mozrunner::runner	INFO	Running command: "C:\\Program Files\\Mozilla Firefox\\firefox.exe" "-marionette" "-foreground" "-no-remote" "-profile" "C:\\Users\\kevin\\AppData\\Local\\Temp\\rust_mozprofileyk8t0g"
JavaScript error: resource://gre/modules/XULStore.jsm, line 66: Error: Can't find profile directory.
console.error: SearchCache: "_readCacheFile: Error reading cache file:" (new Error("", "(unknown module)"))
1598115870670	Marionette	INFO	Listening on port 63588
1598115870703	Marionette	WARN	TLS certificate errors will be ignored for this session
1598115870746	Marionette	INFO	Stopped listening on port 63588
console.warn: services.settings: main/cfr sync interrupted by shutdown
console.error: Region.jsm: "Error fetching region" (new TypeError("NetworkError when attempting to fetch resource.", ""))
console.error: Region.jsm: "Failed to fetch region" (new Error("NO_RESULT", "resource://gre/modules/Region.jsm", 343))

###!!! [Child][RunMessage] Error: Channel closing: too late to send/recv, messages will be lost


###!!! [Child][MessageChannel::SendAndWait] Error: Channel error: cannot send/recv

1598115874335	mozrunner::runner	INFO	Running command: "C:\\Program Files\\Mozilla Firefox\\firefox.exe" "-marionette" "-foreground" "-no-remote" "-profile" "C:\\Users\\kevin\\AppData\\Local\\Temp\\rust_mozprofile9yfTAH"
JavaScript error: resource://gre/modules/XULStore.jsm, line 66: Error: Can't find profile directory.
console.error: SearchCache: "_readCacheFile: Error reading cache file:" (new Error("", "(unknown module)"))
1598115876396	Marionette	INFO	Listening on port 63626
1598115876445	Marionette	WARN	TLS certificate errors will be ignored for this session
1598115879219	Marionette	INFO	Stopped listening on port 63626

###!!! [Child][RunMessage] Error: Channel closing: too late to send/recv, messages will be lost


###!!! [Child][MessageChannel::SendAndWait] Error: Channel error: cannot send/recv

1598116262344	mozrunner::runner	INFO	Running command: "C:\\Program Files\\Mozilla Firefox\\firefox.exe" "-marionette" "-foreground" "-no-remote" "-profile" "C:\\Users\\kevin\\AppData\\Local\\Temp\\rust_mozprofile5koK3q"
console.error: SearchCache: "_readCacheFile: Error reading cache file:" (new Error("", "(unknown module)"))
JavaScript error: resource://gre/modules/XULStore.jsm, line 66: Error: Can't find profile directory.
1598116264447	Marionette	INFO	Listening on port 63706
1598116264462	Marionette	WARN	TLS certificate errors will be ignored for this session
1598116264505	Marionette	INFO	Stopped listening on port 63706
console.error: Region.jsm: "Error fetching region" (new TypeError("NetworkError when attempting to fetch resource.", ""))
console.error: Region.jsm: "Failed to fetch region" (new Error("NO_RESULT", "resource://gre/modules/Region.jsm", 343))

###!!! [Child][RunMessage] Error: Channel closing: too late to send/recv, messages will be lost


###!!! [Child][MessageChannel::SendAndWait] Error: Channel error: cannot send/recv

1598116268093	mozrunner::runner	INFO	Running command: "C:\\Program Files\\Mozilla Firefox\\firefox.exe" "-marionette" "-foreground" "-no-remote" "-profile" "C:\\Users\\kevin\\AppData\\Local\\Temp\\rust_mozprofileLgNZyR"
JavaScript error: resource://gre/modules/XULStore.jsm, line 66: Error: Can't find profile directory.
console.error: SearchCache: "_readCacheFile: Error reading cache file:" (new Error("", "(unknown module)"))
1598116270250	Marionette	INFO	Listening on port 63739
1598116270701	Marionette	WARN	TLS certificate errors will be ignored for this session
1598116273452	Marionette	INFO	Stopped listening on port 63739

###!!! [Child][RunMessage] Error: Channel closing: too late to send/recv, messages will be lost


###!!! [Child][MessageChannel::SendAndWait] Error: Channel error: cannot send/recv

1598116306047	mozrunner::runner	INFO	Running command: "C:\\Program Files\\Mozilla Firefox\\firefox.exe" "-marionette" "-foreground" "-no-remote" "-profile" "C:\\Users\\kevin\\AppData\\Local\\Temp\\rust_mozprofileiEq7Ep"
JavaScript error: resource://gre/modules/XULStore.jsm, line 66: Error: Can't find profile directory.
console.error: SearchCache: "_readCacheFile: Error reading cache file:" (new Error("", "(unknown module)"))
1598116308088	Marionette	INFO	Listening on port 63794
1598116308157	Marionette	WARN	TLS certificate errors will be ignored for this session
1598116308193	Marionette	INFO	Stopped listening on port 63794
console.error: Region.jsm: "Error fetching region" (new TypeError("NetworkError when attempting to fetch resource.", ""))
console.error: Region.jsm: "Failed to fetch region" (new Error("NO_RESULT", "resource://gre/modules/Region.jsm", 343))

###!!! [Child][RunMessage] Error: Channel closing: too late to send/recv, messages will be lost


###!!! [Child][MessageChannel::SendAndWait] Error: Channel error: cannot send/recv

1598116311822	mozrunner::runner	INFO	Running command: "C:\\Program Files\\Mozilla Firefox\\firefox.exe" "-marionette" "-foreground" "-no-remote" "-profile" "C:\\Users\\kevin\\AppData\\Local\\Temp\\rust_mozprofiledCyDUS"
JavaScript error: resource://gre/modules/XULStore.jsm, line 66: Error: Can't find profile directory.
console.error: SearchCache: "_readCacheFile: Error reading cache file:" (new Error("", "(unknown module)"))
1598116313892	Marionette	INFO	Listening on port 63830
1598116313932	Marionette	WARN	TLS certificate errors will be ignored for this session
1598116316731	Marionette	INFO	Stopped listening on port 63830

###!!! [Child][RunMessage] Error: Channel closing: too late to send/recv, messages will be lost


###!!! [Child][MessageChannel::SendAndWait] Error: Channel error: cannot send/recv

1598116356779	mozrunner::runner	INFO	Running command: "C:\\Program Files\\Mozilla Firefox\\firefox.exe" "-marionette" "-foreground" "-no-remote" "-profile" "C:\\Users\\kevin\\AppData\\Local\\Temp\\rust_mozprofileoOVQv0"
JavaScript error: resource://gre/modules/XULStore.jsm, line 66: Error: Can't find profile directory.
console.error: SearchCache: "_readCacheFile: Error reading cache file:" (new Error("", "(unknown module)"))
1598116358943	Marionette	INFO	Listening on port 63879
1598116359390	Marionette	WARN	TLS certificate errors will be ignored for this session
1598116374431	Marionette	INFO	Stopped listening on port 63879

###!!! [Child][RunMessage] Error: Channel closing: too late to send/recv, messages will be lost


###!!! [Child][MessageChannel::SendAndWait] Error: Channel error: cannot send/recv

1598116441977	mozrunner::runner	INFO	Running command: "C:\\Program Files\\Mozilla Firefox\\firefox.exe" "-marionette" "-foreground" "-no-remote" "-profile" "C:\\Users\\kevin\\AppData\\Local\\Temp\\rust_mozprofilevgAaC6"
JavaScript error: resource://gre/modules/XULStore.jsm, line 66: Error: Can't find profile directory.
console.error: SearchCache: "_readCacheFile: Error reading cache file:" (new Error("", "(unknown module)"))
1598116444057	Marionette	INFO	Listening on port 63926
1598116444089	Marionette	WARN	TLS certificate errors will be ignored for this session
1598116444125	Marionette	INFO	Stopped listening on port 63926
console.error: Region.jsm: "Error fetching region" (new TypeError("NetworkError when attempting to fetch resource.", ""))
console.error: Region.jsm: "Failed to fetch region" (new Error("NO_RESULT", "resource://gre/modules/Region.jsm", 343))

###!!! [Child][RunMessage] Error: Channel closing: too late to send/recv, messages will be lost


###!!! [Child][MessageChannel::SendAndWait] Error: Channel error: cannot send/recv

1598116447770	mozrunner::runner	INFO	Running command: "C:\\Program Files\\Mozilla Firefox\\firefox.exe" "-marionette" "-foreground" "-no-remote" "-profile" "C:\\Users\\kevin\\AppData\\Local\\Temp\\rust_mozprofileLLTTUw"
JavaScript error: resource://gre/modules/XULStore.jsm, line 66: Error: Can't find profile directory.
console.error: SearchCache: "_readCacheFile: Error reading cache file:" (new Error("", "(unknown module)"))
1598116449966	Marionette	INFO	Listening on port 63962
1598116450385	Marionette	WARN	TLS certificate errors will be ignored for this session
1598116450417	Marionette	INFO	Stopped listening on port 63962

###!!! [Child][RunMessage] Error: Channel closing: too late to send/recv, messages will be lost


###!!! [Child][MessageChannel::SendAndWait] Error: Channel error: cannot send/recv

1598116477434	mozrunner::runner	INFO	Running command: "C:\\Program Files\\Mozilla Firefox\\firefox.exe" "-marionette" "-foreground" "-no-remote" "-profile" "C:\\Users\\kevin\\AppData\\Local\\Temp\\rust_mozprofilejd9Qew"
JavaScript error: resource://gre/modules/XULStore.jsm, line 66: Error: Can't find profile directory.
console.error: SearchCache: "_readCacheFile: Error reading cache file:" (new Error("", "(unknown module)"))
1598116479560	Marionette	INFO	Listening on port 63999
1598116480046	Marionette	WARN	TLS certificate errors will be ignored for this session
1598116480086	Marionette	INFO	Stopped listening on port 63999
console.error: Region.jsm: "Error fetching region" (new TypeError("NetworkError when attempting to fetch resource.", ""))
console.error: Region.jsm: "Failed to fetch region" (new Error("NO_RESULT", "resource://gre/modules/Region.jsm", 343))

###!!! [Child][RunMessage] Error: Channel closing: too late to send/recv, messages will be lost


###!!! [Child][MessageChannel::SendAndWait] Error: Channel error: cannot send/recv

1598116483703	mozrunner::runner	INFO	Running command: "C:\\Program Files\\Mozilla Firefox\\firefox.exe" "-marionette" "-foreground" "-no-remote" "-profile" "C:\\Users\\kevin\\AppData\\Local\\Temp\\rust_mozprofileCDaj65"
JavaScript error: resource://gre/modules/XULStore.jsm, line 66: Error: Can't find profile directory.
console.error: SearchCache: "_readCacheFile: Error reading cache file:" (new Error("", "(unknown module)"))
1598116485773	Marionette	INFO	Listening on port 64038
1598116485815	Marionette	WARN	TLS certificate errors will be ignored for this session
1598116485851	Marionette	INFO	Stopped listening on port 64038
console.error: Region.jsm: "Error fetching region" (new TypeError("NetworkError when attempting to fetch resource.", ""))
console.error: Region.jsm: "Failed to fetch region" (new Error("NO_RESULT", "resource://gre/modules/Region.jsm", 343))

###!!! [Child][RunMessage] Error: Channel closing: too late to send/recv, messages will be lost


###!!! [Child][MessageChannel::SendAndWait] Error: Channel error: cannot send/recv

1598116576809	mozrunner::runner	INFO	Running command: "C:\\Program Files\\Mozilla Firefox\\firefox.exe" "-marionette" "-foreground" "-no-remote" "-profile" "C:\\Users\\kevin\\AppData\\Local\\Temp\\rust_mozprofileI2ZOE5"
JavaScript error: resource://gre/modules/XULStore.jsm, line 66: Error: Can't find profile directory.
console.error: SearchCache: "_readCacheFile: Error reading cache file:" (new Error("", "(unknown module)"))
1598116578841	Marionette	INFO	Listening on port 64078
1598116578919	Marionette	WARN	TLS certificate errors will be ignored for this session
1598116609687	Marionette	INFO	Stopped listening on port 64078

###!!! [Child][RunMessage] Error: Channel closing: too late to send/recv, messages will be lost


###!!! [Child][MessageChannel::SendAndWait] Error: Channel error: cannot send/recv

1598116613301	mozrunner::runner	INFO	Running command: "C:\\Program Files\\Mozilla Firefox\\firefox.exe" "-marionette" "-foreground" "-no-remote" "-profile" "C:\\Users\\kevin\\AppData\\Local\\Temp\\rust_mozprofilemjbuzy"
JavaScript error: resource://gre/modules/XULStore.jsm, line 66: Error: Can't find profile directory.
console.error: SearchCache: "_readCacheFile: Error reading cache file:" (new Error("", "(unknown module)"))
1598116615394	Marionette	INFO	Listening on port 64127
1598116615409	Marionette	WARN	TLS certificate errors will be ignored for this session
1598116618167	Marionette	INFO	Stopped listening on port 64127

###!!! [Child][RunMessage] Error: Channel closing: too late to send/recv, messages will be lost


###!!! [Child][MessageChannel::SendAndWait] Error: Channel error: cannot send/recv

1598118040626	mozrunner::runner	INFO	Running command: "C:\\Program Files\\Mozilla Firefox\\firefox.exe" "-marionette" "-foreground" "-no-remote" "-profile" "C:\\Users\\kevin\\AppData\\Local\\Temp\\rust_mozprofilevjPuj7"
JavaScript error: resource://gre/modules/XULStore.jsm, line 66: Error: Can't find profile directory.
console.error: SearchCache: "_readCacheFile: Error reading cache file:" (new Error("", "(unknown module)"))
1598118042782	Marionette	INFO	Listening on port 60070
1598118043234	Marionette	WARN	TLS certificate errors will be ignored for this session
1598118049226	Marionette	INFO	Stopped listening on port 60070

###!!! [Child][RunMessage] Error: Channel closing: too late to send/recv, messages will be lost


###!!! [Child][MessageChannel::SendAndWait] Error: Channel error: cannot send/recv

1598118307674	mozrunner::runner	INFO	Running command: "C:\\Program Files\\Mozilla Firefox\\firefox.exe" "-marionette" "-foreground" "-no-remote" "-profile" "C:\\Users\\kevin\\AppData\\Local\\Temp\\rust_mozprofiledBB8Lf"
JavaScript error: resource://gre/modules/XULStore.jsm, line 66: Error: Can't find profile directory.
console.error: SearchCache: "_readCacheFile: Error reading cache file:" (new Error("", "(unknown module)"))
1598118309859	Marionette	INFO	Listening on port 60130
1598118310282	Marionette	WARN	TLS certificate errors will be ignored for this session
1598118311023	Marionette	INFO	Stopped listening on port 60130

###!!! [Child][RunMessage] Error: Channel closing: too late to send/recv, messages will be lost


###!!! [Child][MessageChannel::SendAndWait] Error: Channel error: cannot send/recv

1598118314677	mozrunner::runner	INFO	Running command: "C:\\Program Files\\Mozilla Firefox\\firefox.exe" "-marionette" "-foreground" "-no-remote" "-profile" "C:\\Users\\kevin\\AppData\\Local\\Temp\\rust_mozprofile1xOFwK"
JavaScript error: resource://gre/modules/XULStore.jsm, line 66: Error: Can't find profile directory.
console.error: SearchCache: "_readCacheFile: Error reading cache file:" (new Error("", "(unknown module)"))
1598118316707	Marionette	INFO	Listening on port 60176
1598118316785	Marionette	WARN	TLS certificate errors will be ignored for this session
1598118319558	Marionette	INFO	Stopped listening on port 60176

###!!! [Child][RunMessage] Error: Channel closing: too late to send/recv, messages will be lost


###!!! [Child][MessageChannel::SendAndWait] Error: Channel error: cannot send/recv

1598118475521	mozrunner::runner	INFO	Running command: "C:\\Program Files\\Mozilla Firefox\\firefox.exe" "-marionette" "-foreground" "-no-remote" "-profile" "C:\\Users\\kevin\\AppData\\Local\\Temp\\rust_mozprofileH5m12O"
JavaScript error: resource://gre/modules/XULStore.jsm, line 66: Error: Can't find profile directory.
console.error: SearchCache: "_readCacheFile: Error reading cache file:" (new Error("", "(unknown module)"))
1598118477573	Marionette	INFO	Listening on port 60235
1598118477631	Marionette	WARN	TLS certificate errors will be ignored for this session
1598118478396	Marionette	INFO	Stopped listening on port 60235

###!!! [Child][RunMessage] Error: Channel closing: too late to send/recv, messages will be lost


###!!! [Child][MessageChannel::SendAndWait] Error: Channel error: cannot send/recv

1598118482029	mozrunner::runner	INFO	Running command: "C:\\Program Files\\Mozilla Firefox\\firefox.exe" "-marionette" "-foreground" "-no-remote" "-profile" "C:\\Users\\kevin\\AppData\\Local\\Temp\\rust_mozprofileZmQNQ4"
JavaScript error: resource://gre/modules/XULStore.jsm, line 66: Error: Can't find profile directory.
console.error: SearchCache: "_readCacheFile: Error reading cache file:" (new Error("", "(unknown module)"))
1598118484075	Marionette	INFO	Listening on port 60278
1598118484141	Marionette	WARN	TLS certificate errors will be ignored for this session
1598118486888	Marionette	INFO	Stopped listening on port 60278

###!!! [Child][RunMessage] Error: Channel closing: too late to send/recv, messages will be lost


###!!! [Child][MessageChannel::SendAndWait] Error: Channel error: cannot send/recv

1598118994593	mozrunner::runner	INFO	Running command: "C:\\Program Files\\Mozilla Firefox\\firefox.exe" "-marionette" "-foreground" "-no-remote" "-profile" "C:\\Users\\kevin\\AppData\\Local\\Temp\\rust_mozprofilev7LiDb"
JavaScript error: resource://gre/modules/XULStore.jsm, line 66: Error: Can't find profile directory.
console.error: SearchCache: "_readCacheFile: Error reading cache file:" (new Error("", "(unknown module)"))
1598118996664	Marionette	INFO	Listening on port 60357
1598118996704	Marionette	WARN	TLS certificate errors will be ignored for this session
1598118997557	Marionette	INFO	Stopped listening on port 60357

###!!! [Child][RunMessage] Error: Channel closing: too late to send/recv, messages will be lost


###!!! [Child][MessageChannel::SendAndWait] Error: Channel error: cannot send/recv

1598119001300	mozrunner::runner	INFO	Running command: "C:\\Program Files\\Mozilla Firefox\\firefox.exe" "-marionette" "-foreground" "-no-remote" "-profile" "C:\\Users\\kevin\\AppData\\Local\\Temp\\rust_mozprofileHSuQM2"
JavaScript error: resource://gre/modules/XULStore.jsm, line 66: Error: Can't find profile directory.
console.error: SearchCache: "_readCacheFile: Error reading cache file:" (new Error("", "(unknown module)"))
1598119003375	Marionette	INFO	Listening on port 60405
1598119003414	Marionette	WARN	TLS certificate errors will be ignored for this session
1598119006120	Marionette	INFO	Stopped listening on port 60405

###!!! [Child][RunMessage] Error: Channel closing: too late to send/recv, messages will be lost


###!!! [Child][MessageChannel::SendAndWait] Error: Channel error: cannot send/recv

1598119259340	mozrunner::runner	INFO	Running command: "C:\\Program Files\\Mozilla Firefox\\firefox.exe" "-marionette" "-foreground" "-no-remote" "-profile" "C:\\Users\\kevin\\AppData\\Local\\Temp\\rust_mozprofilemy5ok1"
JavaScript error: resource://gre/modules/XULStore.jsm, line 66: Error: Can't find profile directory.
console.error: SearchCache: "_readCacheFile: Error reading cache file:" (new Error("", "(unknown module)"))
1598119261424	Marionette	INFO	Listening on port 60477
1598119261453	Marionette	WARN	TLS certificate errors will be ignored for this session
1598119262220	Marionette	INFO	Stopped listening on port 60477

###!!! [Child][RunMessage] Error: Channel closing: too late to send/recv, messages will be lost


###!!! [Child][MessageChannel::SendAndWait] Error: Channel error: cannot send/recv

1598119265922	mozrunner::runner	INFO	Running command: "C:\\Program Files\\Mozilla Firefox\\firefox.exe" "-marionette" "-foreground" "-no-remote" "-profile" "C:\\Users\\kevin\\AppData\\Local\\Temp\\rust_mozprofile5KsRa4"
JavaScript error: resource://gre/modules/XULStore.jsm, line 66: Error: Can't find profile directory.
console.error: SearchCache: "_readCacheFile: Error reading cache file:" (new Error("", "(unknown module)"))
1598119268001	Marionette	INFO	Listening on port 60523
1598119268032	Marionette	WARN	TLS certificate errors will be ignored for this session
1598119270806	Marionette	INFO	Stopped listening on port 60523

###!!! [Child][RunMessage] Error: Channel closing: too late to send/recv, messages will be lost


###!!! [Child][MessageChannel::SendAndWait] Error: Channel error: cannot send/recv

1598119284237	mozrunner::runner	INFO	Running command: "C:\\Program Files\\Mozilla Firefox\\firefox.exe" "-marionette" "-foreground" "-no-remote" "-profile" "C:\\Users\\kevin\\AppData\\Local\\Temp\\rust_mozprofileEXNtzS"
JavaScript error: resource://gre/modules/XULStore.jsm, line 66: Error: Can't find profile directory.
console.error: SearchCache: "_readCacheFile: Error reading cache file:" (new Error("", "(unknown module)"))
1598119286338	Marionette	INFO	Listening on port 60569
1598119286349	Marionette	WARN	TLS certificate errors will be ignored for this session
1598119287085	Marionette	INFO	Stopped listening on port 60569

###!!! [Child][RunMessage] Error: Channel closing: too late to send/recv, messages will be lost


###!!! [Child][MessageChannel::SendAndWait] Error: Channel error: cannot send/recv

1598119290815	mozrunner::runner	INFO	Running command: "C:\\Program Files\\Mozilla Firefox\\firefox.exe" "-marionette" "-foreground" "-no-remote" "-profile" "C:\\Users\\kevin\\AppData\\Local\\Temp\\rust_mozprofile5h6NUb"
JavaScript error: resource://gre/modules/XULStore.jsm, line 66: Error: Can't find profile directory.
console.error: SearchCache: "_readCacheFile: Error reading cache file:" (new Error("", "(unknown module)"))
1598119292872	Marionette	INFO	Listening on port 60614
1598119292924	Marionette	WARN	TLS certificate errors will be ignored for this session
1598119295680	Marionette	INFO	Stopped listening on port 60614

###!!! [Child][RunMessage] Error: Channel closing: too late to send/recv, messages will be lost


###!!! [Child][MessageChannel::SendAndWait] Error: Channel error: cannot send/recv

1598119596066	mozrunner::runner	INFO	Running command: "C:\\Program Files\\Mozilla Firefox\\firefox.exe" "-marionette" "-foreground" "-no-remote" "-profile" "C:\\Users\\kevin\\AppData\\Local\\Temp\\rust_mozprofileYBWiiP"
JavaScript error: resource://gre/modules/XULStore.jsm, line 66: Error: Can't find profile directory.
console.error: SearchCache: "_readCacheFile: Error reading cache file:" (new Error("", "(unknown module)"))
1598119598188	Marionette	INFO	Listening on port 60869
1598119598677	Marionette	WARN	TLS certificate errors will be ignored for this session
1598119599425	Marionette	INFO	Stopped listening on port 60869

###!!! [Child][RunMessage] Error: Channel closing: too late to send/recv, messages will be lost


###!!! [Child][MessageChannel::SendAndWait] Error: Channel error: cannot send/recv

1598119603196	mozrunner::runner	INFO	Running command: "C:\\Program Files\\Mozilla Firefox\\firefox.exe" "-marionette" "-foreground" "-no-remote" "-profile" "C:\\Users\\kevin\\AppData\\Local\\Temp\\rust_mozprofile4DF33x"
JavaScript error: resource://gre/modules/XULStore.jsm, line 66: Error: Can't find profile directory.
console.error: SearchCache: "_readCacheFile: Error reading cache file:" (new Error("", "(unknown module)"))
1598119605272	Marionette	INFO	Listening on port 60917
1598119605308	Marionette	WARN	TLS certificate errors will be ignored for this session
1598119608026	Marionette	INFO	Stopped listening on port 60917

###!!! [Child][RunMessage] Error: Channel closing: too late to send/recv, messages will be lost


###!!! [Child][MessageChannel::SendAndWait] Error: Channel error: cannot send/recv

1598119668817	mozrunner::runner	INFO	Running command: "C:\\Program Files\\Mozilla Firefox\\firefox.exe" "-marionette" "-foreground" "-no-remote" "-profile" "C:\\Users\\kevin\\AppData\\Local\\Temp\\rust_mozprofilewo9ySG"
JavaScript error: resource://gre/modules/XULStore.jsm, line 66: Error: Can't find profile directory.
console.error: SearchCache: "_readCacheFile: Error reading cache file:" (new Error("", "(unknown module)"))
1598119670905	Marionette	INFO	Listening on port 61000
1598119670937	Marionette	WARN	TLS certificate errors will be ignored for this session
1598119671689	Marionette	INFO	Stopped listening on port 61000

###!!! [Child][RunMessage] Error: Channel closing: too late to send/recv, messages will be lost


###!!! [Child][MessageChannel::SendAndWait] Error: Channel error: cannot send/recv

1598119675306	mozrunner::runner	INFO	Running command: "C:\\Program Files\\Mozilla Firefox\\firefox.exe" "-marionette" "-foreground" "-no-remote" "-profile" "C:\\Users\\kevin\\AppData\\Local\\Temp\\rust_mozprofile4jmLWO"
JavaScript error: resource://gre/modules/XULStore.jsm, line 66: Error: Can't find profile directory.
console.error: SearchCache: "_readCacheFile: Error reading cache file:" (new Error("", "(unknown module)"))
1598119677344	Marionette	INFO	Listening on port 61043
1598119677415	Marionette	WARN	TLS certificate errors will be ignored for this session
1598119680136	Marionette	INFO	Stopped listening on port 61043

###!!! [Child][RunMessage] Error: Channel closing: too late to send/recv, messages will be lost


###!!! [Child][MessageChannel::SendAndWait] Error: Channel error: cannot send/recv

1598125646245	mozrunner::runner	INFO	Running command: "C:\\Program Files\\Mozilla Firefox\\firefox.exe" "-marionette" "-foreground" "-no-remote" "-profile" "C:\\Users\\kevin\\AppData\\Local\\Temp\\rust_mozprofilexp9rVj"
JavaScript error: resource://gre/modules/XULStore.jsm, line 66: Error: Can't find profile directory.
console.error: SearchCache: "_readCacheFile: Error reading cache file:" (new Error("", "(unknown module)"))
1598125648228	Marionette	INFO	Listening on port 61418
1598125648258	Marionette	WARN	TLS certificate errors will be ignored for this session
1598125669110	Marionette	INFO	Stopped listening on port 61418

###!!! [Child][RunMessage] Error: Channel closing: too late to send/recv, messages will be lost


###!!! [Child][MessageChannel::SendAndWait] Error: Channel error: cannot send/recv

1598125672869	mozrunner::runner	INFO	Running command: "C:\\Program Files\\Mozilla Firefox\\firefox.exe" "-marionette" "-foreground" "-no-remote" "-profile" "C:\\Users\\kevin\\AppData\\Local\\Temp\\rust_mozprofileg1sFZV"
JavaScript error: resource://gre/modules/XULStore.jsm, line 66: Error: Can't find profile directory.
console.error: SearchCache: "_readCacheFile: Error reading cache file:" (new Error("", "(unknown module)"))
1598125674917	Marionette	INFO	Listening on port 61466
1598125674979	Marionette	WARN	TLS certificate errors will be ignored for this session
1598125677726	Marionette	INFO	Stopped listening on port 61466

###!!! [Child][RunMessage] Error: Channel closing: too late to send/recv, messages will be lost


###!!! [Child][MessageChannel::SendAndWait] Error: Channel error: cannot send/recv

1598125726043	mozrunner::runner	INFO	Running command: "C:\\Program Files\\Mozilla Firefox\\firefox.exe" "-marionette" "-foreground" "-no-remote" "-profile" "C:\\Users\\kevin\\AppData\\Local\\Temp\\rust_mozprofile9B00Kz"
JavaScript error: resource://gre/modules/XULStore.jsm, line 66: Error: Can't find profile directory.
console.error: SearchCache: "_readCacheFile: Error reading cache file:" (new Error("", "(unknown module)"))
1598125728155	Marionette	INFO	Listening on port 61515
1598125728654	Marionette	WARN	TLS certificate errors will be ignored for this session
1598125749234	Marionette	INFO	Stopped listening on port 61515

###!!! [Child][RunMessage] Error: Channel closing: too late to send/recv, messages will be lost


###!!! [Child][MessageChannel::SendAndWait] Error: Channel error: cannot send/recv

1598125752968	mozrunner::runner	INFO	Running command: "C:\\Program Files\\Mozilla Firefox\\firefox.exe" "-marionette" "-foreground" "-no-remote" "-profile" "C:\\Users\\kevin\\AppData\\Local\\Temp\\rust_mozprofileJFVCTo"
JavaScript error: resource://gre/modules/XULStore.jsm, line 66: Error: Can't find profile directory.
console.error: SearchCache: "_readCacheFile: Error reading cache file:" (new Error("", "(unknown module)"))
1598125755118	Marionette	INFO	Listening on port 61566
1598125755579	Marionette	WARN	TLS certificate errors will be ignored for this session
1598125758302	Marionette	INFO	Stopped listening on port 61566

###!!! [Child][RunMessage] Error: Channel closing: too late to send/recv, messages will be lost


###!!! [Child][MessageChannel::SendAndWait] Error: Channel error: cannot send/recv

1598127375007	mozrunner::runner	INFO	Running command: "C:\\Program Files\\Mozilla Firefox\\firefox.exe" "-marionette" "-foreground" "-no-remote" "-profile" "C:\\Users\\kevin\\AppData\\Local\\Temp\\rust_mozprofiletc9PML"
JavaScript error: resource://gre/modules/XULStore.jsm, line 66: Error: Can't find profile directory.
console.error: SearchCache: "_readCacheFile: Error reading cache file:" (new Error("", "(unknown module)"))
1598127377040	Marionette	INFO	Listening on port 51688
1598127377122	Marionette	WARN	TLS certificate errors will be ignored for this session
1598127397810	Marionette	INFO	Stopped listening on port 51688

###!!! [Child][RunMessage] Error: Channel closing: too late to send/recv, messages will be lost


###!!! [Child][MessageChannel::SendAndWait] Error: Channel error: cannot send/recv

1598127401423	mozrunner::runner	INFO	Running command: "C:\\Program Files\\Mozilla Firefox\\firefox.exe" "-marionette" "-foreground" "-no-remote" "-profile" "C:\\Users\\kevin\\AppData\\Local\\Temp\\rust_mozprofileCUVIDT"
JavaScript error: resource://gre/modules/XULStore.jsm, line 66: Error: Can't find profile directory.
console.error: SearchCache: "_readCacheFile: Error reading cache file:" (new Error("", "(unknown module)"))
1598127403587	Marionette	INFO	Listening on port 51735
1598127404038	Marionette	WARN	TLS certificate errors will be ignored for this session
1598127406770	Marionette	INFO	Stopped listening on port 51735

###!!! [Child][RunMessage] Error: Channel closing: too late to send/recv, messages will be lost


###!!! [Child][MessageChannel::SendAndWait] Error: Channel error: cannot send/recv

1598127478185	mozrunner::runner	INFO	Running command: "C:\\Program Files\\Mozilla Firefox\\firefox.exe" "-marionette" "-foreground" "-no-remote" "-profile" "C:\\Users\\kevin\\AppData\\Local\\Temp\\rust_mozprofilegW8Ccd"
JavaScript error: resource://gre/modules/XULStore.jsm, line 66: Error: Can't find profile directory.
console.error: SearchCache: "_readCacheFile: Error reading cache file:" (new Error("", "(unknown module)"))
1598127480256	Marionette	INFO	Listening on port 51827
1598127480294	Marionette	WARN	TLS certificate errors will be ignored for this session
1598127500983	Marionette	INFO	Stopped listening on port 51827

###!!! [Child][RunMessage] Error: Channel closing: too late to send/recv, messages will be lost


###!!! [Child][MessageChannel::SendAndWait] Error: Channel error: cannot send/recv

1598127504603	mozrunner::runner	INFO	Running command: "C:\\Program Files\\Mozilla Firefox\\firefox.exe" "-marionette" "-foreground" "-no-remote" "-profile" "C:\\Users\\kevin\\AppData\\Local\\Temp\\rust_mozprofileHMOYLT"
JavaScript error: resource://gre/modules/XULStore.jsm, line 66: Error: Can't find profile directory.
console.error: SearchCache: "_readCacheFile: Error reading cache file:" (new Error("", "(unknown module)"))
1598127506714	Marionette	INFO	Listening on port 51879
1598127507215	Marionette	WARN	TLS certificate errors will be ignored for this session
1598127509925	Marionette	INFO	Stopped listening on port 51879

###!!! [Child][RunMessage] Error: Channel closing: too late to send/recv, messages will be lost


###!!! [Child][MessageChannel::SendAndWait] Error: Channel error: cannot send/recv

